[0.130s] DEBUG:colcon:Command line arguments: ['/usr/bin/colcon', 'build', '--symlink-install', '--cmake-target', 'clean']
[0.130s] DEBUG:colcon:Parsed command line arguments: Namespace(allow_overriding=[], ament_cmake_args=None, base_paths=['.'], build_base='build', catkin_cmake_args=None, catkin_skip_building_tests=False, cmake_args=None, cmake_clean_cache=False, cmake_clean_first=False, cmake_force_configure=False, cmake_target='clean', cmake_target_skip_unavailable=False, continue_on_error=False, event_handlers=None, executor='parallel', ignore_user_meta=False, install_base='install', log_base=None, log_level=None, main=<bound method BuildVerb.main of <colcon_core.verb.build.BuildVerb object at 0x7f4507b17940>>, merge_install=False, metas=['./colcon.meta'], packages_above=None, packages_above_and_dependencies=None, packages_above_depth=None, packages_end=None, packages_ignore=None, packages_ignore_regex=None, packages_select=None, packages_select_build_failed=False, packages_select_by_dep=None, packages_select_regex=None, packages_select_test_failures=False, packages_skip=None, packages_skip_build_finished=False, packages_skip_by_dep=None, packages_skip_regex=None, packages_skip_test_passed=False, packages_skip_up_to=None, packages_start=None, packages_up_to=None, packages_up_to_regex=None, parallel_workers=20, paths=None, symlink_install=True, test_result_base=None, verb_extension=<colcon_core.verb.build.BuildVerb object at 0x7f4507b17940>, verb_name='build', verb_parser=<colcon_defaults.argument_parser.defaults.DefaultArgumentsDecorator object at 0x7f4507ad0be0>)
[0.210s] Level 1:colcon.colcon_core.package_discovery:discover_packages(colcon_meta) check parameters
[0.210s] Level 1:colcon.colcon_core.package_discovery:discover_packages(recursive) check parameters
[0.210s] Level 1:colcon.colcon_core.package_discovery:discover_packages(ignore) check parameters
[0.210s] Level 1:colcon.colcon_core.package_discovery:discover_packages(path) check parameters
[0.211s] Level 1:colcon.colcon_core.package_discovery:discover_packages(colcon_meta) discover
[0.211s] Level 1:colcon.colcon_core.package_discovery:discover_packages(recursive) discover
[0.211s] INFO:colcon.colcon_core.package_discovery:Crawling recursively for packages in '/home/takuma/2ros2_ws/src/person_msgs'
[0.211s] Level 1:colcon.colcon_core.package_identification:_identify(.) by extensions ['ignore', 'ignore_ament_install']
[0.211s] Level 1:colcon.colcon_core.package_identification:_identify(.) by extension 'ignore'
[0.211s] Level 1:colcon.colcon_core.package_identification:_identify(.) by extension 'ignore_ament_install'
[0.211s] Level 1:colcon.colcon_core.package_identification:_identify(.) by extensions ['colcon_pkg']
[0.211s] Level 1:colcon.colcon_core.package_identification:_identify(.) by extension 'colcon_pkg'
[0.211s] Level 1:colcon.colcon_core.package_identification:_identify(.) by extensions ['colcon_meta']
[0.211s] Level 1:colcon.colcon_core.package_identification:_identify(.) by extension 'colcon_meta'
[0.211s] Level 1:colcon.colcon_core.package_identification:_identify(.) by extensions ['ros']
[0.211s] Level 1:colcon.colcon_core.package_identification:_identify(.) by extension 'ros'
[0.223s] DEBUG:colcon.colcon_core.package_identification:Package '.' with type 'ros.ament_cmake' and name 'person_msgs'
[0.223s] Level 1:colcon.colcon_core.package_discovery:discover_packages(recursive) using defaults
[0.223s] Level 1:colcon.colcon_core.package_discovery:discover_packages(ignore) discover
[0.223s] Level 1:colcon.colcon_core.package_discovery:discover_packages(ignore) using defaults
[0.223s] Level 1:colcon.colcon_core.package_discovery:discover_packages(path) discover
[0.224s] Level 1:colcon.colcon_core.package_discovery:discover_packages(path) using defaults
[0.234s] Level 1:colcon.colcon_core.package_discovery:discover_packages(prefix_path) check parameters
[0.234s] Level 1:colcon.colcon_core.package_discovery:discover_packages(prefix_path) discover
[0.234s] WARNING:colcon.colcon_ros.prefix_path.ament:The path '/home/takuma/ros2_ws/install/mypkg' in the environment variable AMENT_PREFIX_PATH doesn't exist
[0.234s] WARNING:colcon.colcon_ros.prefix_path.ament:The path '/home/takuma/ros2_ws/install/area_calculator' in the environment variable AMENT_PREFIX_PATH doesn't exist
[0.235s] WARNING:colcon.colcon_ros.prefix_path.catkin:The path '/home/takuma/ros2_ws/install/my_project' in the environment variable CMAKE_PREFIX_PATH doesn't exist
[0.235s] WARNING:colcon.colcon_ros.prefix_path.catkin:The path '/home/takuma/ros2_ws/install/person_msgs' in the environment variable CMAKE_PREFIX_PATH doesn't exist
[0.235s] DEBUG:colcon.colcon_installed_package_information.package_discovery:Found 2 installed packages in /home/takuma/2ros2_ws/install
[0.236s] DEBUG:colcon.colcon_installed_package_information.package_discovery:Found 1 installed packages in /home/takuma/ros2_ws/install
[0.236s] DEBUG:colcon.colcon_installed_package_information.package_discovery:Found 0 installed packages in /home/takuma/ros2_ws/src/current_time_publisher/install
[0.236s] DEBUG:colcon.colcon_installed_package_information.package_discovery:Found 3 installed packages in /home/takuma/ros2_ws/src/install
[0.237s] DEBUG:colcon.colcon_installed_package_information.package_discovery:Found 256 installed packages in /opt/ros/foxy
[0.238s] Level 1:colcon.colcon_core.package_discovery:discover_packages(prefix_path) using defaults
[0.264s] Level 5:colcon.colcon_core.verb:set package 'person_msgs' build argument 'cmake_args' from command line to 'None'
[0.264s] Level 5:colcon.colcon_core.verb:set package 'person_msgs' build argument 'cmake_target' from command line to 'clean'
[0.264s] Level 5:colcon.colcon_core.verb:set package 'person_msgs' build argument 'cmake_target_skip_unavailable' from command line to 'False'
[0.264s] Level 5:colcon.colcon_core.verb:set package 'person_msgs' build argument 'cmake_clean_cache' from command line to 'False'
[0.264s] Level 5:colcon.colcon_core.verb:set package 'person_msgs' build argument 'cmake_clean_first' from command line to 'False'
[0.264s] Level 5:colcon.colcon_core.verb:set package 'person_msgs' build argument 'cmake_force_configure' from command line to 'False'
[0.265s] Level 5:colcon.colcon_core.verb:set package 'person_msgs' build argument 'ament_cmake_args' from command line to 'None'
[0.265s] Level 5:colcon.colcon_core.verb:set package 'person_msgs' build argument 'catkin_cmake_args' from command line to 'None'
[0.265s] Level 5:colcon.colcon_core.verb:set package 'person_msgs' build argument 'catkin_skip_building_tests' from command line to 'False'
[0.265s] DEBUG:colcon.colcon_core.verb:Building package 'person_msgs' with the following arguments: {'ament_cmake_args': None, 'build_base': '/home/takuma/2ros2_ws/src/person_msgs/build/person_msgs', 'catkin_cmake_args': None, 'catkin_skip_building_tests': False, 'cmake_args': None, 'cmake_clean_cache': False, 'cmake_clean_first': False, 'cmake_force_configure': False, 'cmake_target': 'clean', 'cmake_target_skip_unavailable': False, 'install_base': '/home/takuma/2ros2_ws/src/person_msgs/install/person_msgs', 'merge_install': False, 'path': '/home/takuma/2ros2_ws/src/person_msgs', 'symlink_install': True, 'test_result_base': None}
[0.265s] INFO:colcon.colcon_core.executor:Executing jobs using 'parallel' executor
[0.265s] DEBUG:colcon.colcon_parallel_executor.executor.parallel:run_until_complete
[0.266s] INFO:colcon.colcon_ros.task.ament_cmake.build:Building ROS package in '/home/takuma/2ros2_ws/src/person_msgs' with build type 'ament_cmake'
[0.266s] INFO:colcon.colcon_cmake.task.cmake.build:Building CMake package in '/home/takuma/2ros2_ws/src/person_msgs'
[0.267s] INFO:colcon.colcon_core.plugin_system:Skipping extension 'colcon_core.shell.bat': Not used on non-Windows systems
[0.267s] INFO:colcon.colcon_core.shell:Skip shell extension 'powershell' for command environment: Not usable outside of PowerShell
[0.267s] DEBUG:colcon.colcon_core.shell:Skip shell extension 'dsv' for command environment
[0.275s] DEBUG:colcon.colcon_core.event_handler.log_command:Invoking command in '/home/takuma/2ros2_ws/src/person_msgs/build/person_msgs': CMAKE_PREFIX_PATH=/home/takuma/2ros2_ws/install/person_msgs:/home/takuma/ros2_ws/install:/home/takuma/ros2_ws/src/install/person_msg:/home/takuma/ros2_ws/install/my_project:/home/takuma/ros2_ws/install/current_time_publisher:/home/takuma/2ros2_ws/install/mypkg:/home/takuma/ros2_ws/src/install/data_processing::/home/takuma/ros2_ws/install/mypkg:/home/takuma/ros2_ws/install/area_calculator:/opt/ros/foxy:/home/takuma/ros2_ws/src/install/person_msgs:/home/takuma/ros2_ws/install/person_msgs /usr/bin/cmake /home/takuma/2ros2_ws/src/person_msgs -DAMENT_CMAKE_SYMLINK_INSTALL=1 -DCMAKE_INSTALL_PREFIX=/home/takuma/2ros2_ws/src/person_msgs/install/person_msgs
[3.166s] DEBUG:colcon.colcon_core.event_handler.log_command:Invoked command in '/home/takuma/2ros2_ws/src/person_msgs/build/person_msgs' returned '1': CMAKE_PREFIX_PATH=/home/takuma/2ros2_ws/install/person_msgs:/home/takuma/ros2_ws/install:/home/takuma/ros2_ws/src/install/person_msg:/home/takuma/ros2_ws/install/my_project:/home/takuma/ros2_ws/install/current_time_publisher:/home/takuma/2ros2_ws/install/mypkg:/home/takuma/ros2_ws/src/install/data_processing::/home/takuma/ros2_ws/install/mypkg:/home/takuma/ros2_ws/install/area_calculator:/opt/ros/foxy:/home/takuma/ros2_ws/src/install/person_msgs:/home/takuma/ros2_ws/install/person_msgs /usr/bin/cmake /home/takuma/2ros2_ws/src/person_msgs -DAMENT_CMAKE_SYMLINK_INSTALL=1 -DCMAKE_INSTALL_PREFIX=/home/takuma/2ros2_ws/src/person_msgs/install/person_msgs
[3.172s] Level 1:colcon.colcon_core.environment:create_environment_scripts_only(person_msgs)
[3.174s] Level 1:colcon.colcon_core.environment:checking '/home/takuma/2ros2_ws/src/person_msgs/install/person_msgs' for CMake module files
[3.175s] Level 1:colcon.colcon_core.environment:checking '/home/takuma/2ros2_ws/src/person_msgs/install/person_msgs' for CMake config files
[3.175s] Level 1:colcon.colcon_core.environment:checking '/home/takuma/2ros2_ws/src/person_msgs/install/person_msgs/bin'
[3.175s] Level 1:colcon.colcon_core.environment:checking '/home/takuma/2ros2_ws/src/person_msgs/install/person_msgs/lib/pkgconfig/person_msgs.pc'
[3.175s] Level 1:colcon.colcon_core.environment:checking '/home/takuma/2ros2_ws/src/person_msgs/install/person_msgs/lib/python3.8/site-packages'
[3.175s] Level 1:colcon.colcon_core.environment:checking '/home/takuma/2ros2_ws/src/person_msgs/install/person_msgs/bin'
[3.175s] INFO:colcon.colcon_core.shell:Creating package script '/home/takuma/2ros2_ws/src/person_msgs/install/person_msgs/share/person_msgs/package.ps1'
[3.176s] INFO:colcon.colcon_core.shell:Creating package descriptor '/home/takuma/2ros2_ws/src/person_msgs/install/person_msgs/share/person_msgs/package.dsv'
[3.176s] INFO:colcon.colcon_core.shell:Creating package script '/home/takuma/2ros2_ws/src/person_msgs/install/person_msgs/share/person_msgs/package.sh'
[3.177s] INFO:colcon.colcon_core.shell:Creating package script '/home/takuma/2ros2_ws/src/person_msgs/install/person_msgs/share/person_msgs/package.bash'
[3.177s] INFO:colcon.colcon_core.shell:Creating package script '/home/takuma/2ros2_ws/src/person_msgs/install/person_msgs/share/person_msgs/package.zsh'
[3.177s] Level 1:colcon.colcon_core.environment:create_file_with_runtime_dependencies(/home/takuma/2ros2_ws/src/person_msgs/install/person_msgs/share/colcon-core/packages/person_msgs)
[3.188s] DEBUG:colcon.colcon_parallel_executor.executor.parallel:closing loop
[3.188s] DEBUG:colcon.colcon_parallel_executor.executor.parallel:loop closed
[3.188s] DEBUG:colcon.colcon_parallel_executor.executor.parallel:run_until_complete finished with '1'
[3.188s] DEBUG:colcon.colcon_core.event_reactor:joining thread
[3.215s] INFO:colcon.colcon_core.plugin_system:Skipping extension 'colcon_notification.desktop_notification.notify_send': Could not find 'notify-send'
[3.215s] INFO:colcon.colcon_core.plugin_system:Skipping extension 'colcon_notification.desktop_notification.terminal_notifier': Not used on non-Darwin systems
[3.215s] INFO:colcon.colcon_core.plugin_system:Skipping extension 'colcon_notification.desktop_notification.win32': Not used on non-Windows systems
[3.215s] INFO:colcon.colcon_notification.desktop_notification:Sending desktop notification using 'notify2'
[3.218s] DEBUG:colcon.colcon_notification.desktop_notification.notify2:Failed to initialize notify2: org.freedesktop.DBus.Error.ServiceUnknown: The name org.freedesktop.Notifications was not provided by any .service files
[3.218s] DEBUG:colcon.colcon_core.event_reactor:joined thread
[3.218s] INFO:colcon.colcon_core.shell:Creating prefix script '/home/takuma/2ros2_ws/src/person_msgs/install/local_setup.ps1'
[3.219s] INFO:colcon.colcon_core.shell:Creating prefix util module '/home/takuma/2ros2_ws/src/person_msgs/install/_local_setup_util_ps1.py'
[3.220s] INFO:colcon.colcon_core.shell:Creating prefix chain script '/home/takuma/2ros2_ws/src/person_msgs/install/setup.ps1'
[3.221s] INFO:colcon.colcon_core.shell:Creating prefix script '/home/takuma/2ros2_ws/src/person_msgs/install/local_setup.sh'
[3.221s] INFO:colcon.colcon_core.shell:Creating prefix util module '/home/takuma/2ros2_ws/src/person_msgs/install/_local_setup_util_sh.py'
[3.221s] INFO:colcon.colcon_core.shell:Creating prefix chain script '/home/takuma/2ros2_ws/src/person_msgs/install/setup.sh'
[3.222s] INFO:colcon.colcon_core.shell:Creating prefix script '/home/takuma/2ros2_ws/src/person_msgs/install/local_setup.bash'
[3.222s] INFO:colcon.colcon_core.shell:Creating prefix chain script '/home/takuma/2ros2_ws/src/person_msgs/install/setup.bash'
[3.223s] INFO:colcon.colcon_core.shell:Creating prefix script '/home/takuma/2ros2_ws/src/person_msgs/install/local_setup.zsh'
[3.223s] INFO:colcon.colcon_core.shell:Creating prefix chain script '/home/takuma/2ros2_ws/src/person_msgs/install/setup.zsh'
