[0.155s] Invoking command in '/home/takuma/2ros2_ws/build/person_msgs': CMAKE_PREFIX_PATH=/home/takuma/2ros2_ws/install/person_msgs:/home/takuma/ros2_ws/install:/home/takuma/ros2_ws/src/install/person_msg:/home/takuma/ros2_ws/install/my_project:/home/takuma/ros2_ws/install/current_time_publisher:/home/takuma/2ros2_ws/install/mypkg:/home/takuma/ros2_ws/src/install/data_processing::/home/takuma/ros2_ws/install/mypkg:/home/takuma/ros2_ws/install/area_calculator:/opt/ros/foxy:/home/takuma/ros2_ws/src/install/person_msgs:/home/takuma/ros2_ws/install/person_msgs /usr/bin/cmake /home/takuma/2ros2_ws/src/person_msgs -DAMENT_CMAKE_SYMLINK_INSTALL=1 -DCMAKE_INSTALL_PREFIX=/home/takuma/2ros2_ws/install/person_msgs
[0.162s] -- Found ament_cmake: 0.9.12 (/opt/ros/foxy/share/ament_cmake/cmake)
[0.176s] -- Found PythonInterp: /usr/bin/python3 (found suitable version "3.8.10", minimum required is "3") 
[0.176s] -- Using PYTHON_EXECUTABLE: /usr/bin/python3
[0.278s] -- Override CMake install command with custom implementation using symlinks instead of copying resources
[0.282s] -- Found geometry_msgs: 2.0.5 (/opt/ros/foxy/share/geometry_msgs/cmake)
[0.381s] -- Using all available rosidl_typesupport_c: rosidl_typesupport_fastrtps_c;rosidl_typesupport_introspection_c
[0.384s] -- Found rosidl_adapter: 1.3.1 (/opt/ros/foxy/share/rosidl_adapter/cmake)
[3.224s] -- Using all available rosidl_typesupport_cpp: rosidl_typesupport_fastrtps_cpp;rosidl_typesupport_introspection_cpp
[3.270s] -- Found rosidl_default_generators: 1.0.1 (/opt/ros/foxy/share/rosidl_default_generators/cmake)
[3.289s] -- Found PythonInterp: /usr/bin/python3 (found version "3.8.10") 
[3.366s] CMake Error at /opt/ros/foxy/share/rosidl_cmake/cmake/rosidl_generate_interfaces.cmake:229 (message):
[3.366s]   Packages installing interfaces must include
[3.366s]   '<member_of_group>rosidl_interface_packages</member_of_group>' in their
[3.366s]   package.xml
[3.366s] Call Stack (most recent call first):
[3.366s]   CMakeLists.txt:23 (rosidl_generate_interfaces)
[3.366s] 
[3.366s] 
[3.366s] -- Configuring incomplete, errors occurred!
[3.366s] See also "/home/takuma/2ros2_ws/build/person_msgs/CMakeFiles/CMakeOutput.log".
[3.371s] Invoked command in '/home/takuma/2ros2_ws/build/person_msgs' returned '1': CMAKE_PREFIX_PATH=/home/takuma/2ros2_ws/install/person_msgs:/home/takuma/ros2_ws/install:/home/takuma/ros2_ws/src/install/person_msg:/home/takuma/ros2_ws/install/my_project:/home/takuma/ros2_ws/install/current_time_publisher:/home/takuma/2ros2_ws/install/mypkg:/home/takuma/ros2_ws/src/install/data_processing::/home/takuma/ros2_ws/install/mypkg:/home/takuma/ros2_ws/install/area_calculator:/opt/ros/foxy:/home/takuma/ros2_ws/src/install/person_msgs:/home/takuma/ros2_ws/install/person_msgs /usr/bin/cmake /home/takuma/2ros2_ws/src/person_msgs -DAMENT_CMAKE_SYMLINK_INSTALL=1 -DCMAKE_INSTALL_PREFIX=/home/takuma/2ros2_ws/install/person_msgs
