[0.140s] Invoking command in '/home/takuma/2ros2_ws/build/person_msgs': CMAKE_PREFIX_PATH=/home/takuma/2ros2_ws/install/person_msgs:/home/takuma/ros2_ws/install:/home/takuma/ros2_ws/src/install/person_msg:/home/takuma/ros2_ws/install/my_project:/home/takuma/ros2_ws/install/current_time_publisher:/home/takuma/2ros2_ws/install/mypkg:/home/takuma/ros2_ws/src/install/data_processing::/home/takuma/ros2_ws/install/mypkg:/home/takuma/ros2_ws/install/area_calculator:/opt/ros/foxy:/home/takuma/ros2_ws/src/install/person_msgs:/home/takuma/ros2_ws/install/person_msgs /usr/bin/cmake /home/takuma/2ros2_ws/src/person_msgs -DAMENT_CMAKE_SYMLINK_INSTALL=1 -DCMAKE_INSTALL_PREFIX=/home/takuma/2ros2_ws/install/person_msgs
[0.245s] -- The C compiler identification is GNU 9.4.0
[0.347s] -- The CXX compiler identification is GNU 9.4.0
[0.405s] -- Check for working C compiler: /usr/bin/cc
[0.475s] -- Check for working C compiler: /usr/bin/cc -- works
[0.475s] -- Detecting C compiler ABI info
[0.551s] -- Detecting C compiler ABI info - done
[0.558s] -- Detecting C compile features
[0.558s] -- Detecting C compile features - done
[0.559s] -- Check for working CXX compiler: /usr/bin/c++
[0.645s] -- Check for working CXX compiler: /usr/bin/c++ -- works
[0.645s] -- Detecting CXX compiler ABI info
[0.715s] -- Detecting CXX compiler ABI info - done
[0.722s] -- Detecting CXX compile features
[0.722s] -- Detecting CXX compile features - done
[0.723s] -- Found ament_cmake: 0.9.12 (/opt/ros/foxy/share/ament_cmake/cmake)
[0.738s] -- Found PythonInterp: /usr/bin/python3 (found suitable version "3.8.10", minimum required is "3") 
[0.738s] -- Using PYTHON_EXECUTABLE: /usr/bin/python3
[0.829s] -- Override CMake install command with custom implementation using symlinks instead of copying resources
[0.842s] -- Found geometry_msgs: 2.0.5 (/opt/ros/foxy/share/geometry_msgs/cmake)
[0.908s] -- Using all available rosidl_typesupport_c: rosidl_typesupport_fastrtps_c;rosidl_typesupport_introspection_c
[0.912s] -- Found rosidl_adapter: 1.3.1 (/opt/ros/foxy/share/rosidl_adapter/cmake)
[1.377s] -- Found OpenSSL: /usr/lib/x86_64-linux-gnu/libcrypto.so (found version "1.1.1f")  
[1.962s] -- Found FastRTPS: /opt/ros/foxy/include  
[2.796s] -- Using all available rosidl_typesupport_cpp: rosidl_typesupport_fastrtps_cpp;rosidl_typesupport_introspection_cpp
[2.847s] -- Found rosidl_default_generators: 1.0.1 (/opt/ros/foxy/share/rosidl_default_generators/cmake)
[2.868s] -- Found PythonInterp: /usr/bin/python3 (found version "3.8.10") 
[2.949s] CMake Error at /opt/ros/foxy/share/rosidl_cmake/cmake/rosidl_generate_interfaces.cmake:229 (message):
[2.949s]   Packages installing interfaces must include
[2.949s]   '<member_of_group>rosidl_interface_packages</member_of_group>' in their
[2.949s]   package.xml
[2.949s] Call Stack (most recent call first):
[2.949s]   CMakeLists.txt:23 (rosidl_generate_interfaces)
[2.949s] 
[2.949s] 
[2.950s] -- Configuring incomplete, errors occurred!
[2.950s] See also "/home/takuma/2ros2_ws/build/person_msgs/CMakeFiles/CMakeOutput.log".
[2.956s] Invoked command in '/home/takuma/2ros2_ws/build/person_msgs' returned '1': CMAKE_PREFIX_PATH=/home/takuma/2ros2_ws/install/person_msgs:/home/takuma/ros2_ws/install:/home/takuma/ros2_ws/src/install/person_msg:/home/takuma/ros2_ws/install/my_project:/home/takuma/ros2_ws/install/current_time_publisher:/home/takuma/2ros2_ws/install/mypkg:/home/takuma/ros2_ws/src/install/data_processing::/home/takuma/ros2_ws/install/mypkg:/home/takuma/ros2_ws/install/area_calculator:/opt/ros/foxy:/home/takuma/ros2_ws/src/install/person_msgs:/home/takuma/ros2_ws/install/person_msgs /usr/bin/cmake /home/takuma/2ros2_ws/src/person_msgs -DAMENT_CMAKE_SYMLINK_INSTALL=1 -DCMAKE_INSTALL_PREFIX=/home/takuma/2ros2_ws/install/person_msgs
