[0.336s] Invoking command in '/home/takuma/2ros2_ws/build/mypkg': PYTHONPATH=/home/takuma/2ros2_ws/build/mypkg/prefix_override:/usr/lib/python3/dist-packages/colcon_core/task/python/colcon_distutils_commands:/home/takuma/2ros2_ws/install/mypkg/lib/python3.8/site-packages:${PYTHONPATH} /usr/bin/python3 -W ignore:setup.py install is deprecated setup.py develop --editable --build-directory /home/takuma/2ros2_ws/build/mypkg/build --no-deps symlink_data
[0.441s] /home/takuma/.local/lib/python3.8/site-packages/setuptools/dist.py:720: UserWarning: Usage of dash-separated 'script-dir' will not be supported in future versions. Please use the underscore name 'script_dir' instead
[0.441s]   warnings.warn(
[0.466s] /home/takuma/.local/lib/python3.8/site-packages/setuptools/command/easy_install.py:156: EasyInstallDeprecationWarning: easy_install command is deprecated. Use build and pip and other standards-based tools.
[0.466s]   warnings.warn(
[0.466s] running develop
[0.522s] running egg_info
[0.522s] writing mypkg.egg-info/PKG-INFO
[0.522s] writing dependency_links to mypkg.egg-info/dependency_links.txt
[0.522s] writing entry points to mypkg.egg-info/entry_points.txt
[0.522s] writing requirements to mypkg.egg-info/requires.txt
[0.523s] writing top-level names to mypkg.egg-info/top_level.txt
[0.524s] reading manifest file 'mypkg.egg-info/SOURCES.txt'
[0.524s] writing manifest file 'mypkg.egg-info/SOURCES.txt'
[0.541s] running build_ext
[0.541s] Creating /home/takuma/2ros2_ws/install/mypkg/lib/python3.8/site-packages/mypkg.egg-link (link to .)
[0.542s] Installing status_publisher script to /home/takuma/2ros2_ws/install/mypkg/lib/mypkg
[0.542s] 
[0.542s] Installed /home/takuma/2ros2_ws/build/mypkg
[0.542s] running symlink_data
[0.543s] symbolically linking /home/takuma/2ros2_ws/build/mypkg/launch/status_publisher_launch.py -> /home/takuma/2ros2_ws/install/mypkg/share/mypkg/launch
[0.557s] Invoked command in '/home/takuma/2ros2_ws/build/mypkg' returned '0': PYTHONPATH=/home/takuma/2ros2_ws/build/mypkg/prefix_override:/usr/lib/python3/dist-packages/colcon_core/task/python/colcon_distutils_commands:/home/takuma/2ros2_ws/install/mypkg/lib/python3.8/site-packages:${PYTHONPATH} /usr/bin/python3 -W ignore:setup.py install is deprecated setup.py develop --editable --build-directory /home/takuma/2ros2_ws/build/mypkg/build --no-deps symlink_data
