running develop
Removing /home/takuma/2ros2_ws/install/mypkg/lib/python3.8/site-packages/mypkg.egg-link (link to .)
running egg_info
writing ../../build/mypkg/mypkg.egg-info/PKG-INFO
writing dependency_links to ../../build/mypkg/mypkg.egg-info/dependency_links.txt
writing entry points to ../../build/mypkg/mypkg.egg-info/entry_points.txt
writing requirements to ../../build/mypkg/mypkg.egg-info/requires.txt
writing top-level names to ../../build/mypkg/mypkg.egg-info/top_level.txt
reading manifest file '../../build/mypkg/mypkg.egg-info/SOURCES.txt'
writing manifest file '../../build/mypkg/mypkg.egg-info/SOURCES.txt'
running build
running build_py
creating /home/takuma/2ros2_ws/build/mypkg/build
creating /home/takuma/2ros2_ws/build/mypkg/build/lib
creating /home/takuma/2ros2_ws/build/mypkg/build/lib/mypkg
copying mypkg/status_publisher.py -> /home/takuma/2ros2_ws/build/mypkg/build/lib/mypkg
copying mypkg/__init__.py -> /home/takuma/2ros2_ws/build/mypkg/build/lib/mypkg
running install
running install_lib
creating /home/takuma/2ros2_ws/install/mypkg/lib/python3.8/site-packages/mypkg
copying /home/takuma/2ros2_ws/build/mypkg/build/lib/mypkg/status_publisher.py -> /home/takuma/2ros2_ws/install/mypkg/lib/python3.8/site-packages/mypkg
copying /home/takuma/2ros2_ws/build/mypkg/build/lib/mypkg/__init__.py -> /home/takuma/2ros2_ws/install/mypkg/lib/python3.8/site-packages/mypkg
byte-compiling /home/takuma/2ros2_ws/install/mypkg/lib/python3.8/site-packages/mypkg/status_publisher.py to status_publisher.cpython-38.pyc
byte-compiling /home/takuma/2ros2_ws/install/mypkg/lib/python3.8/site-packages/mypkg/__init__.py to __init__.cpython-38.pyc
running install_data
copying resource/mypkg -> /home/takuma/2ros2_ws/install/mypkg/share/ament_index/resource_index/packages
copying package.xml -> /home/takuma/2ros2_ws/install/mypkg/share/mypkg
copying launch/talk_listen.launch.py -> /home/takuma/2ros2_ws/install/mypkg/share/mypkg
running install_egg_info
Copying ../../build/mypkg/mypkg.egg-info to /home/takuma/2ros2_ws/install/mypkg/lib/python3.8/site-packages/mypkg-0.0.0-py3.8.egg-info
running install_scripts
Installing status_publisher script to /home/takuma/2ros2_ws/install/mypkg/lib/mypkg
writing list of installed files to '/home/takuma/2ros2_ws/build/mypkg/install.log'
