[0.008s] Invoking command in '/home/takuma/2ros2_ws/src/person_msgs/build/person_msgs': /usr/bin/cmake /home/takuma/2ros2_ws/src/person_msgs -DCMAKE_INSTALL_PREFIX=/home/takuma/2ros2_ws/src/person_msgs/install/person_msgs
[0.178s] -- The C compiler identification is GNU 9.4.0
[0.476s] -- The CXX compiler identification is GNU 9.4.0
[0.773s] -- Check for working C compiler: /usr/bin/cc
[0.931s] -- Check for working C compiler: /usr/bin/cc -- works
[0.931s] -- Detecting C compiler ABI info
[1.080s] -- Detecting C compiler ABI info - done
[1.086s] -- Detecting C compile features
[1.087s] -- Detecting C compile features - done
[1.088s] -- Check for working CXX compiler: /usr/bin/c++
[1.233s] -- Check for working CXX compiler: /usr/bin/c++ -- works
[1.234s] -- Detecting CXX compiler ABI info
[1.368s] -- Detecting CXX compiler ABI info - done
[1.374s] -- Detecting CXX compile features
[1.374s] -- Detecting CXX compile features - done
[1.375s] -- Found ament_cmake: 0.9.12 (/opt/ros/foxy/share/ament_cmake/cmake)
[1.390s] -- Found PythonInterp: /usr/bin/python3 (found suitable version "3.8.10", minimum required is "3") 
[1.390s] -- Using PYTHON_EXECUTABLE: /usr/bin/python3
[1.495s] -- Found geometry_msgs: 2.0.5 (/opt/ros/foxy/share/geometry_msgs/cmake)
[1.669s] -- Using all available rosidl_typesupport_c: rosidl_typesupport_fastrtps_c;rosidl_typesupport_introspection_c
[1.673s] -- Found rosidl_adapter: 1.3.1 (/opt/ros/foxy/share/rosidl_adapter/cmake)
[2.934s] -- Found OpenSSL: /usr/lib/x86_64-linux-gnu/libcrypto.so (found version "1.1.1f")  
[4.161s] -- Found FastRTPS: /opt/ros/foxy/include  
[6.745s] -- Using all available rosidl_typesupport_cpp: rosidl_typesupport_fastrtps_cpp;rosidl_typesupport_introspection_cpp
[6.790s] -- Found rosidl_default_generators: 1.0.1 (/opt/ros/foxy/share/rosidl_default_generators/cmake)
[6.809s] -- Found PythonInterp: /usr/bin/python3 (found version "3.8.10") 
[6.877s] Error parsing '/home/takuma/2ros2_ws/src/person_msgs/package.xml':
[6.949s] Traceback (most recent call last):
[6.949s]   File "/opt/ros/foxy/share/ament_cmake_core/cmake/core/package_xml_2_cmake.py", line 143, in <module>
[6.949s]     main()
[6.949s]   File "/opt/ros/foxy/share/ament_cmake_core/cmake/core/package_xml_2_cmake.py", line 52, in main
[6.949s]     raise e
[6.949s]   File "/opt/ros/foxy/share/ament_cmake_core/cmake/core/package_xml_2_cmake.py", line 48, in main
[6.949s]     package = parse_package_string(
[6.949s]   File "/usr/lib/python3/dist-packages/catkin_pkg/package.py", line 786, in parse_package_string
[6.949s]     raise InvalidPackage('Error(s):%s' % (''.join(['\n- %s' % e for e in errors])), filename)
[6.950s] catkin_pkg.package.InvalidPackage: Error(s) in package '/home/takuma/2ros2_ws/src/person_msgs/package.xml':
[6.950s] Error(s):
[6.950s] - The generic dependency on 'geometry_msgs' is redundant with: build_depend, exec_depend
[6.961s] CMake Error at /opt/ros/foxy/share/ament_cmake_core/cmake/core/ament_package_xml.cmake:94 (message):
[6.961s]   execute_process(/usr/bin/python3
[6.961s]   /opt/ros/foxy/share/ament_cmake_core/cmake/core/package_xml_2_cmake.py
[6.962s]   /home/takuma/2ros2_ws/src/person_msgs/package.xml
[6.962s]   /home/takuma/2ros2_ws/src/person_msgs/build/person_msgs/ament_cmake_core/package.cmake)
[6.962s]   returned error code 1
[6.962s] Call Stack (most recent call first):
[6.962s]   /opt/ros/foxy/share/ament_cmake_core/cmake/core/ament_package_xml.cmake:49 (_ament_package_xml)
[6.962s]   /opt/ros/foxy/share/rosidl_cmake/cmake/rosidl_generate_interfaces.cmake:226 (ament_package_xml)
[6.962s]   CMakeLists.txt:23 (rosidl_generate_interfaces)
[6.962s] 
[6.962s] 
[6.962s] -- Configuring incomplete, errors occurred!
[6.962s] See also "/home/takuma/2ros2_ws/src/person_msgs/build/person_msgs/CMakeFiles/CMakeOutput.log".
[6.967s] Invoked command in '/home/takuma/2ros2_ws/src/person_msgs/build/person_msgs' returned '1': /usr/bin/cmake /home/takuma/2ros2_ws/src/person_msgs -DCMAKE_INSTALL_PREFIX=/home/takuma/2ros2_ws/src/person_msgs/install/person_msgs
