/home/takuma/.local/lib/python3.8/site-packages/setuptools/dist.py:720: UserWarning: Usage of dash-separated 'script-dir' will not be supported in future versions. Please use the underscore name 'script_dir' instead
  warnings.warn(
running develop
/home/takuma/.local/lib/python3.8/site-packages/setuptools/command/easy_install.py:156: EasyInstallDeprecationWarning: easy_install command is deprecated. Use build and pip and other standards-based tools.
  warnings.warn(
running egg_info
writing mypkg.egg-info/PKG-INFO
writing dependency_links to mypkg.egg-info/dependency_links.txt
writing entry points to mypkg.egg-info/entry_points.txt
writing requirements to mypkg.egg-info/requires.txt
writing top-level names to mypkg.egg-info/top_level.txt
reading manifest file 'mypkg.egg-info/SOURCES.txt'
writing manifest file 'mypkg.egg-info/SOURCES.txt'
running build_ext
Creating /home/takuma/2ros2_ws/install/mypkg/lib/python3.8/site-packages/mypkg.egg-link (link to .)
Installing status_publisher script to /home/takuma/2ros2_ws/install/mypkg/lib/mypkg

Installed /home/takuma/2ros2_ws/build/mypkg
running symlink_data
symbolically linking /home/takuma/2ros2_ws/build/mypkg/resource/mypkg -> /home/takuma/2ros2_ws/install/mypkg/share/ament_index/resource_index/packages
symbolically linking /home/takuma/2ros2_ws/build/mypkg/package.xml -> /home/takuma/2ros2_ws/install/mypkg/share/mypkg
symbolically linking /home/takuma/2ros2_ws/build/mypkg/launch/talk_listen.launch.py -> /home/takuma/2ros2_ws/install/mypkg/share/mypkg
