[0.354s] Invoking command in '/home/takuma/2ros2_ws/build/mypkg': PYTHONPATH=/home/takuma/2ros2_ws/build/mypkg/prefix_override:/usr/lib/python3/dist-packages/colcon_core/task/python/colcon_distutils_commands:/home/takuma/2ros2_ws/install/mypkg/lib/python3.8/site-packages:${PYTHONPATH} /usr/bin/python3 -W ignore:setup.py install is deprecated setup.py develop --editable --build-directory /home/takuma/2ros2_ws/build/mypkg/build --no-deps symlink_data
[0.466s] /home/takuma/.local/lib/python3.8/site-packages/setuptools/dist.py:720: UserWarning: Usage of dash-separated 'script-dir' will not be supported in future versions. Please use the underscore name 'script_dir' instead
[0.466s]   warnings.warn(
[0.493s] running develop
[0.493s] /home/takuma/.local/lib/python3.8/site-packages/setuptools/command/easy_install.py:156: EasyInstallDeprecationWarning: easy_install command is deprecated. Use build and pip and other standards-based tools.
[0.493s]   warnings.warn(
[0.552s] running egg_info
[0.552s] writing mypkg.egg-info/PKG-INFO
[0.552s] writing dependency_links to mypkg.egg-info/dependency_links.txt
[0.552s] writing entry points to mypkg.egg-info/entry_points.txt
[0.553s] writing requirements to mypkg.egg-info/requires.txt
[0.553s] writing top-level names to mypkg.egg-info/top_level.txt
[0.554s] reading manifest file 'mypkg.egg-info/SOURCES.txt'
[0.554s] writing manifest file 'mypkg.egg-info/SOURCES.txt'
[0.572s] running build_ext
[0.572s] Creating /home/takuma/2ros2_ws/install/mypkg/lib/python3.8/site-packages/mypkg.egg-link (link to .)
[0.573s] Installing status_publisher script to /home/takuma/2ros2_ws/install/mypkg/lib/mypkg
[0.573s] 
[0.573s] Installed /home/takuma/2ros2_ws/build/mypkg
[0.573s] running symlink_data
[0.573s] creating /home/takuma/2ros2_ws/install/mypkg/share/mypkg/launch
[0.573s] error: can't copy '/home/takuma/2ros2_ws/build/mypkg/launch/talk_listen.launch.py': doesn't exist or not a regular file
[0.586s] Invoked command in '/home/takuma/2ros2_ws/build/mypkg' returned '1': PYTHONPATH=/home/takuma/2ros2_ws/build/mypkg/prefix_override:/usr/lib/python3/dist-packages/colcon_core/task/python/colcon_distutils_commands:/home/takuma/2ros2_ws/install/mypkg/lib/python3.8/site-packages:${PYTHONPATH} /usr/bin/python3 -W ignore:setup.py install is deprecated setup.py develop --editable --build-directory /home/takuma/2ros2_ws/build/mypkg/build --no-deps symlink_data
